#-----------------------------------------------------------
# xsim v2024.2 (64-bit)
# SW Build 5239630 on Fri Nov 08 22:34:34 MST 2024
# IP Build 5239520 on Sun Nov 10 16:12:51 MST 2024
# SharedData Build 5239561 on Fri Nov 08 14:39:27 MST 2024
# Start of session at: Tue Feb  3 03:54:23 2026
# Process ID         : 276948
# Current directory  : /home/audrey/Documents/convolution/Map_inflation/hardware_impl
# Command line       : xsim -mode tcl -source {xsim.dir/work.tb_top2/xsim_script.tcl}
# Log file           : /home/audrey/Documents/convolution/Map_inflation/hardware_impl/xsim.log
# Journal file       : /home/audrey/Documents/convolution/Map_inflation/hardware_impl/xsim.jou
# Running On         : audrey-Precision-5520
# Platform           : Ubuntu
# Operating System   : Ubuntu 22.04.5 LTS
# Processor Detail   : Intel(R) Core(TM) i7-7820HQ CPU @ 2.90GHz
# CPU Frequency      : 3689.401 MHz
# CPU Physical cores : 4
# CPU Logical cores  : 8
# Host memory        : 16612 MB
# Swap memory        : 2147 MB
# Total Virtual      : 18760 MB
# Available Virtual  : 13802 MB
#-----------------------------------------------------------
source xsim.dir/work.tb_top2/xsim_script.tcl
# xsim {work.tb_top2} -autoloadwcfg -runall
Time resolution is 1 ps
open_wave_config /home/audrey/Documents/convolution/Map_inflation/hardware_impl/work.tb_top2.wcfg
run -all
34000 first weights value is 1020304
42000 second weights value is 5060708
50000 second weights value is 9000000
70000 first data value is a0d1000
78000 first data value is b0e1100
86000 first data value is c0f1200
102000 | VALID OUTPUT:                  x
110000 | VALID OUTPUT:                  X
118000 | VALID OUTPUT:     44255442632836
$finish called at time : 790 ns : File "/home/audrey/Documents/convolution/Map_inflation/hardware_impl/tb_top2.v" Line 149
exit
INFO: [Common 17-206] Exiting xsim at Tue Feb  3 03:54:27 2026...
