#-----------------------------------------------------------
# Vivado v2024.2 (64-bit)
# SW Build 5239630 on Fri Nov 08 22:34:34 MST 2024
# IP Build 5239520 on Sun Nov 10 16:12:51 MST 2024
# SharedData Build 5239561 on Fri Nov 08 14:39:27 MST 2024
# Start of session at: Wed Jan  7 16:32:40 2026
# Process ID         : 5461
# Current directory  : /home/audrey/Documents/convolution/Map_inflation/hardware_impl/project_1
# Command line       : vivado project_1.xpr
# Log file           : /home/audrey/Documents/convolution/Map_inflation/hardware_impl/project_1/vivado.log
# Journal file       : /home/audrey/Documents/convolution/Map_inflation/hardware_impl/project_1/vivado.jou
# Running On         : audrey-Precision-5520
# Platform           : Ubuntu
# Operating System   : Ubuntu 22.04.5 LTS
# Processor Detail   : Intel(R) Core(TM) i7-7820HQ CPU @ 2.90GHz
# CPU Frequency      : 3499.982 MHz
# CPU Physical cores : 4
# CPU Logical cores  : 8
# Host memory        : 16612 MB
# Swap memory        : 2147 MB
# Total Virtual      : 18760 MB
# Available Virtual  : 12769 MB
#-----------------------------------------------------------
start_gui
open_project project_1.xpr
WARNING: [Board 49-26] cannot add Board Part xilinx.com:zcu208ld:part0:2.0 available at /home/audrey/Xilinx/Vivado/2024.2/data/xhub/boards/XilinxBoardStore/boards/Xilinx/zcu208ld/production/2.0/board.xml as part xczu58dr-fsvg1517-2-i specified in board_part file is either invalid or not available
WARNING: [Board 49-26] cannot add Board Part xilinx.com:zcu216ld:part0:2.0 available at /home/audrey/Xilinx/Vivado/2024.2/data/xhub/boards/XilinxBoardStore/boards/Xilinx/zcu216ld/production/2.0/board.xml as part xczu59dr-ffvf1760-2-i specified in board_part file is either invalid or not available
WARNING: [Board 49-26] cannot add Board Part xilinx.com:zcu670ld:part0:1.0 available at /home/audrey/Xilinx/Vivado/2024.2/data/xhub/boards/XilinxBoardStore/boards/Xilinx/zcu670ld/1.0/board.xml as part xczu57dr-fsve1156-2-i specified in board_part file is either invalid or not available
INFO: [filemgmt 56-3] Default IP Output Path : Could not find the directory '/home/audrey/Documents/convolution/Map_inflation/hardware_impl/project_1/project_1.gen/sources_1'.
Scanning sources...
Finished scanning sources
INFO: [IP_Flow 19-234] Refreshing IP repositories
INFO: [IP_Flow 19-1704] No user IP repositories specified
INFO: [IP_Flow 19-2313] Loaded Vivado IP repository '/home/audrey/Xilinx/Vivado/2024.2/data/ip'.
open_project: Time (s): cpu = 00:00:15 ; elapsed = 00:00:08 . Memory (MB): peak = 7781.359 ; gain = 287.797 ; free physical = 4881 ; free virtual = 11666
update_compile_order -fileset sources_1
reset_run impl_1
WARNING: [Vivado 12-1017] Problems encountered:
1. Attempt to kill process failed

launch_runs impl_1 -jobs 2
[Wed Jan  7 16:33:52 2026] Launched impl_1...
Run output will be captured here: /home/audrey/Documents/convolution/Map_inflation/hardware_impl/project_1/project_1.runs/impl_1/runme.log
open_run impl_1
INFO: [Device 21-403] Loading part xc7s50csga324-1
Netlist sorting complete. Time (s): cpu = 00:00:00 ; elapsed = 00:00:00 . Memory (MB): peak = 7917.652 ; gain = 0.000 ; free physical = 5075 ; free virtual = 11959
INFO: [Project 1-479] Netlist was created with Vivado 2024.2
INFO: [Project 1-570] Preparing netlist for logic optimization
Read ShapeDB Complete: Time (s): cpu = 00:00:00 ; elapsed = 00:00:00 . Memory (MB): peak = 7973.527 ; gain = 0.000 ; free physical = 4981 ; free virtual = 11849
INFO: [Designutils 20-5722] Start Reading Physical Databases.
Reading placement.
Read Netlist Cache: Time (s): cpu = 00:00:00 ; elapsed = 00:00:00 . Memory (MB): peak = 7974.527 ; gain = 0.000 ; free physical = 4981 ; free virtual = 11849
Reading placer database...
Read Device Cache: Time (s): cpu = 00:00:00.01 ; elapsed = 00:00:00 . Memory (MB): peak = 7976.527 ; gain = 2.000 ; free physical = 4981 ; free virtual = 11849
Read PlaceDB: Time (s): cpu = 00:00:00 ; elapsed = 00:00:00 . Memory (MB): peak = 7976.527 ; gain = 0.000 ; free physical = 4981 ; free virtual = 11849
Read PulsedLatchDB: Time (s): cpu = 00:00:00 ; elapsed = 00:00:00 . Memory (MB): peak = 7976.527 ; gain = 0.000 ; free physical = 4981 ; free virtual = 11849
Reading routing.
Read RouteStorage: Time (s): cpu = 00:00:00 ; elapsed = 00:00:00 . Memory (MB): peak = 8024.551 ; gain = 48.023 ; free physical = 4981 ; free virtual = 11849
Read Physdb Files: Time (s): cpu = 00:00:00.01 ; elapsed = 00:00:00.01 . Memory (MB): peak = 8024.551 ; gain = 50.023 ; free physical = 4981 ; free virtual = 11849
Restored from archive | CPU: 0.010000 secs | Memory: 0.048706 MB |
Finished XDEF File Restore: Time (s): cpu = 00:00:00.01 ; elapsed = 00:00:00.01 . Memory (MB): peak = 8024.551 ; gain = 50.023 ; free physical = 4981 ; free virtual = 11849
Netlist sorting complete. Time (s): cpu = 00:00:00 ; elapsed = 00:00:00 . Memory (MB): peak = 8322.418 ; gain = 0.000 ; free physical = 4704 ; free virtual = 11571
INFO: [Project 1-111] Unisim Transformation Summary:
No Unisim elements were transformed.

open_run: Time (s): cpu = 00:00:14 ; elapsed = 00:00:08 . Memory (MB): peak = 8607.164 ; gain = 793.762 ; free physical = 4421 ; free virtual = 11307
WARNING: [Timing 38-313] There are no user specified timing constraints. Timing constraints are needed for proper timing analysis.
launch_runs impl_1 -to_step write_bitstream -jobs 2
[Wed Jan  7 16:41:29 2026] Launched impl_1...
Run output will be captured here: /home/audrey/Documents/convolution/Map_inflation/hardware_impl/project_1/project_1.runs/impl_1/runme.log
reset_run impl_1 -prev_step 
launch_runs impl_1 -to_step write_bitstream -jobs 2
[Wed Jan  7 16:43:28 2026] Launched impl_1...
Run output will be captured here: /home/audrey/Documents/convolution/Map_inflation/hardware_impl/project_1/project_1.runs/impl_1/runme.log
reset_run synth_1
INFO: [Project 1-1160] Copying file /home/audrey/Documents/convolution/Map_inflation/hardware_impl/project_1/project_1.runs/synth_1/adder_tree.dcp to /home/audrey/Documents/convolution/Map_inflation/hardware_impl/project_1/project_1.srcs/utils_1/imports/synth_1 and adding it to utils fileset
launch_runs impl_1 -to_step write_bitstream -jobs 2
[Wed Jan  7 17:34:32 2026] Launched synth_1...
Run output will be captured here: /home/audrey/Documents/convolution/Map_inflation/hardware_impl/project_1/project_1.runs/synth_1/runme.log
[Wed Jan  7 17:34:32 2026] Launched impl_1...
Run output will be captured here: /home/audrey/Documents/convolution/Map_inflation/hardware_impl/project_1/project_1.runs/impl_1/runme.log
close_design
exit
INFO: [Common 17-206] Exiting Vivado at Wed Jan  7 23:04:04 2026...
