#-----------------------------------------------------------
# xsim v2024.2 (64-bit)
# SW Build 5239630 on Fri Nov 08 22:34:34 MST 2024
# IP Build 5239520 on Sun Nov 10 16:12:51 MST 2024
# SharedData Build 5239561 on Fri Nov 08 14:39:27 MST 2024
# Start of session at: Sat Jan 24 21:43:52 2026
# Process ID         : 248023
# Current directory  : /home/audrey/Documents/convolution/Map_inflation/hardware_impl/sim/work
# Command line       : xsim -mode tcl -source {xsim.dir/work.tb_pe_wrapper/xsim_script.tcl}
# Log file           : /home/audrey/Documents/convolution/Map_inflation/hardware_impl/sim/work/xsim.log
# Journal file       : /home/audrey/Documents/convolution/Map_inflation/hardware_impl/sim/work/xsim.jou
# Running On         : audrey-Precision-5520
# Platform           : Ubuntu
# Operating System   : Ubuntu 22.04.5 LTS
# Processor Detail   : Intel(R) Core(TM) i7-7820HQ CPU @ 2.90GHz
# CPU Frequency      : 3579.011 MHz
# CPU Physical cores : 4
# CPU Logical cores  : 8
# Host memory        : 16612 MB
# Swap memory        : 2147 MB
# Total Virtual      : 18760 MB
# Available Virtual  : 6064 MB
#-----------------------------------------------------------
source xsim.dir/work.tb_pe_wrapper/xsim_script.tcl
# xsim {work.tb_pe_wrapper} -autoloadwcfg -tclbatch {./../../sim.tcl}
Time resolution is 1 ps
source ./../../sim.tcl
## open_saif myTop.saif
## log_saif /tb_pe_wrapper/DUT/*
ERROR: [Simtcl 6-54] No matching object to log found
