#-----------------------------------------------------------
# xsim v2024.2 (64-bit)
# SW Build 5239630 on Fri Nov 08 22:34:34 MST 2024
# IP Build 5239520 on Sun Nov 10 16:12:51 MST 2024
# SharedData Build 5239561 on Fri Nov 08 14:39:27 MST 2024
# Start of session at: Sat Jan 24 21:43:46 2026
# Process ID         : 247961
# Current directory  : /home/audrey/Documents/convolution/Map_inflation/hardware_impl/sim/work
# Command line       : xsim -mode tcl -source {xsim.dir/work.tb_top_fifo/xsim_script.tcl}
# Log file           : /home/audrey/Documents/convolution/Map_inflation/hardware_impl/sim/work/xsim.log
# Journal file       : /home/audrey/Documents/convolution/Map_inflation/hardware_impl/sim/work/xsim.jou
# Running On         : audrey-Precision-5520
# Platform           : Ubuntu
# Operating System   : Ubuntu 22.04.5 LTS
# Processor Detail   : Intel(R) Core(TM) i7-7820HQ CPU @ 2.90GHz
# CPU Frequency      : 3658.563 MHz
# CPU Physical cores : 4
# CPU Logical cores  : 8
# Host memory        : 16612 MB
# Swap memory        : 2147 MB
# Total Virtual      : 18760 MB
# Available Virtual  : 6086 MB
#-----------------------------------------------------------
source xsim.dir/work.tb_top_fifo/xsim_script.tcl
# xsim {work.tb_top_fifo} -autoloadwcfg -runall
Time resolution is 1 ps
run -all
34000: Attempting 5th push. s_axis_tready = 0 and m_axis_tready = 000
54000 item read is  m_axis_tdata= aabbcc 
62000: Item 5 successfully entered the FIFO. s_axis_tready = 0
98000  All FIFOs empty .  Last data read is :  m_axis_tdata= 778899 
$finish called at time : 198 ns : File "/home/audrey/Documents/convolution/Map_inflation/hardware_impl/tb_top_fifo.v" Line 104
exit
INFO: [Common 17-206] Exiting xsim at Sat Jan 24 21:43:50 2026...
