#-----------------------------------------------------------
# xsim v2024.2 (64-bit)
# SW Build 5239630 on Fri Nov 08 22:34:34 MST 2024
# IP Build 5239520 on Sun Nov 10 16:12:51 MST 2024
# SharedData Build 5239561 on Fri Nov 08 14:39:27 MST 2024
# Start of session at: Mon Feb  2 22:21:27 2026
# Process ID         : 209764
# Current directory  : /home/audrey/Documents/convolution/Map_inflation/hardware_impl/sim/work
# Command line       : xsim -mode tcl -source {xsim.dir/work.tb_pe_wrapper/xsim_script.tcl}
# Log file           : /home/audrey/Documents/convolution/Map_inflation/hardware_impl/sim/work/xsim.log
# Journal file       : /home/audrey/Documents/convolution/Map_inflation/hardware_impl/sim/work/xsim.jou
# Running On         : audrey-Precision-5520
# Platform           : Ubuntu
# Operating System   : Ubuntu 22.04.5 LTS
# Processor Detail   : Intel(R) Core(TM) i7-7820HQ CPU @ 2.90GHz
# CPU Frequency      : 3527.711 MHz
# CPU Physical cores : 4
# CPU Logical cores  : 8
# Host memory        : 16612 MB
# Swap memory        : 2147 MB
# Total Virtual      : 18760 MB
# Available Virtual  : 12582 MB
#-----------------------------------------------------------
source xsim.dir/work.tb_pe_wrapper/xsim_script.tcl
# xsim {work.tb_pe_wrapper} -autoloadwcfg -runall
Time resolution is 1 ps
run -all
--- Initializing Weights ---
Row 0 weights: [1 1 1]
Row 1 weights: [2 2 2]
Row 2 weights: [3 3 3]
46000 Test 0: dataIn = [0 1 2]
50000 Test 1: dataIn = [1 2 3]
54000 Test 2: dataIn = [2 3 4]
DataOut T=58000  0
Output T=58000 | Row2: 0 | Row1: 0 | Row0: 0
58000 Test 3: dataIn = [3 4 5]
DataOut T=62000  11
Output T=62000 | Row2: 0 | Row1: 0 | Row0: 3
62000 Test 4: dataIn = [4 5 6]
DataOut T=66000  1100000000000000000110
Output T=66000 | Row2: 0 | Row1: 6 | Row0: 6
DataOut T=70000  100100000000000000011000000000000000001001
Output T=70000 | Row2: 9 | Row1: 12 | Row0: 9
DataOut T=74000  1001000000000000000100100000000000000001100
Output T=74000 | Row2: 18 | Row1: 18 | Row0: 12
DataOut T=78000  1101100000000000000110000000000000000001111
Output T=78000 | Row2: 27 | Row1: 24 | Row0: 15
DataOut T=82000  10010000000000000000111100000000000000001111
Output T=82000 | Row2: 36 | Row1: 30 | Row0: 15
DataOut T=86000  10110100000000000000111100000000000000001111
Output T=86000 | Row2: 45 | Row1: 30 | Row0: 15
DataOut T=90000  10110100000000000000111100000000000000001111
Output T=90000 | Row2: 45 | Row1: 30 | Row0: 15
DataOut T=94000  10110100000000000000111100000000000000001111
Output T=94000 | Row2: 45 | Row1: 30 | Row0: 15
DataOut T=98000  10110100000000000000111100000000000000001111
Output T=98000 | Row2: 45 | Row1: 30 | Row0: 15
DataOut T=102000  10110100000000000000111100000000000000001111
Output T=102000 | Row2: 45 | Row1: 30 | Row0: 15
DataOut T=106000  10110100000000000000111100000000000000001111
Output T=106000 | Row2: 45 | Row1: 30 | Row0: 15
DataOut T=110000  10110100000000000000111100000000000000001111
Output T=110000 | Row2: 45 | Row1: 30 | Row0: 15
DataOut T=114000  10110100000000000000111100000000000000001111
Output T=114000 | Row2: 45 | Row1: 30 | Row0: 15
DataOut T=118000  10110100000000000000111100000000000000001111
Output T=118000 | Row2: 45 | Row1: 30 | Row0: 15
DataOut T=122000  10110100000000000000111100000000000000001111
Output T=122000 | Row2: 45 | Row1: 30 | Row0: 15
$finish called at time : 330 ns : File "/home/audrey/Documents/convolution/Map_inflation/hardware_impl/tb_pe_wrapper.v" Line 126
exit
INFO: [Common 17-206] Exiting xsim at Mon Feb  2 22:21:31 2026...
