#-----------------------------------------------------------
# xsim v2024.2 (64-bit)
# SW Build 5239630 on Fri Nov 08 22:34:34 MST 2024
# IP Build 5239520 on Sun Nov 10 16:12:51 MST 2024
# SharedData Build 5239561 on Fri Nov 08 14:39:27 MST 2024
# Start of session at: Sat Jan 24 21:43:36 2026
# Process ID         : 247837
# Current directory  : /home/audrey/Documents/convolution/Map_inflation/hardware_impl/sim/work
# Command line       : xsim -mode tcl -source {xsim.dir/work.tb_axim_reg/xsim_script.tcl}
# Log file           : /home/audrey/Documents/convolution/Map_inflation/hardware_impl/sim/work/xsim.log
# Journal file       : /home/audrey/Documents/convolution/Map_inflation/hardware_impl/sim/work/xsim.jou
# Running On         : audrey-Precision-5520
# Platform           : Ubuntu
# Operating System   : Ubuntu 22.04.5 LTS
# Processor Detail   : Intel(R) Core(TM) i7-7820HQ CPU @ 2.90GHz
# CPU Frequency      : 3550.705 MHz
# CPU Physical cores : 4
# CPU Logical cores  : 8
# Host memory        : 16612 MB
# Swap memory        : 2147 MB
# Total Virtual      : 18760 MB
# Available Virtual  : 6072 MB
#-----------------------------------------------------------
source xsim.dir/work.tb_axim_reg/xsim_script.tcl
# xsim {work.tb_axim_reg} -autoloadwcfg -runall
Time resolution is 1 ps
run -all
 50000 PASS: Response = 00
50000  PASS: Output = 100
 74000 PASS: Response = 00
74000  PASS: Output = 250
 98000 PASS: Response = 10
98000  PASS: Output = 250
 122000 PASS: Response = 00
122000  PASS: Output = 750
 146000 PASS: Response = 10
146000  PASS: Output = 750
 170000 PASS: Response = 00
170000  PASS: Output = 1
 194000 PASS: Response = 00
194000  PASS: Output = 0
 218000 PASS: Response = 00
218000  PASS: Output = 555
 242000 PASS: Response = 10
242000  PASS: Output = 555
 266000 PASS: Response = 00
266000  PASS: Output = 42

*** ALL TESTS PASSED! ***

$finish called at time : 1278 ns : File "/home/audrey/Documents/convolution/Map_inflation/hardware_impl/tb_axim_reg.v" Line 228
exit
INFO: [Common 17-206] Exiting xsim at Sat Jan 24 21:43:39 2026...
