#-----------------------------------------------------------
# xsim v2024.2 (64-bit)
# SW Build 5239630 on Fri Nov 08 22:34:34 MST 2024
# IP Build 5239520 on Sun Nov 10 16:12:51 MST 2024
# SharedData Build 5239561 on Fri Nov 08 14:39:27 MST 2024
# Start of session at: Wed Nov  5 22:37:07 2025
# Process ID         : 1748569
# Current directory  : /home/audrey/Documents/convolution/coding
# Command line       : xsim -mode tcl -source {xsim.dir/work.tb_pe_array/xsim_script.tcl}
# Log file           : /home/audrey/Documents/convolution/coding/xsim.log
# Journal file       : /home/audrey/Documents/convolution/coding/xsim.jou
# Running On         : audrey-Precision-5520
# Platform           : Ubuntu
# Operating System   : Ubuntu 22.04.5 LTS
# Processor Detail   : Intel(R) Core(TM) i7-7820HQ CPU @ 2.90GHz
# CPU Frequency      : 3687.553 MHz
# CPU Physical cores : 4
# CPU Logical cores  : 8
# Host memory        : 16613 MB
# Swap memory        : 2147 MB
# Total Virtual      : 18760 MB
# Available Virtual  : 8161 MB
#-----------------------------------------------------------
source xsim.dir/work.tb_pe_array/xsim_script.tcl
# xsim {work.tb_pe_array} -autoloadwcfg -runall
Time resolution is 1 ps
open_wave_config /home/audrey/Documents/convolution/coding/work.tb_pe_array.wcfg
run -all
TEST x PASSED! Random data: 1000000100000001100000100
Expected: 000000110000001000
DUT     : 000000110000001000
90000 ALL THE TEST HAS PASSED !!! 
$finish called at time : 1090 ns : File "/home/audrey/Documents/convolution/coding/tb_pe_array.v" Line 187
exit
INFO: [Common 17-206] Exiting xsim at Wed Nov  5 22:37:11 2025...
